{"name":"completeProcessTest","status":"broken","statusDetails":{"known":false,"muted":false,"flaky":false,"message":"no such element: Unable to locate element: {\"method\":\"xpath\",\"selector\":\"//p[text()='Agaram']\"}\n  (Session info: chrome=80.0.3987.106)\nFor documentation on this error, please visit: http://seleniumhq.org/exceptions/no_such_element.html\nBuild info: version: '3.14.0', revision: 'aacccce0', time: '2018-08-02T20:19:58.91Z'\nSystem info: host: 'Admins-MacBook-Air-4.local', ip: 'fe80:0:0:0:1c33:fc8c:1dc8:374d%en0', os.name: 'Mac OS X', os.arch: 'x86_64', os.version: '10.15.3', java.version: '11.0.5'\nDriver info: org.openqa.selenium.chrome.ChromeDriver\nCapabilities {acceptInsecureCerts: false, browserName: chrome, browserVersion: 80.0.3987.106, chrome: {chromedriverVersion: 79.0.3945.36 (3582db32b3389..., userDataDir: /var/folders/4l/ct0ys2kj2h7...}, goog:chromeOptions: {debuggerAddress: localhost:56479}, javascriptEnabled: true, networkConnectionEnabled: false, pageLoadStrategy: normal, platform: MAC, platformName: MAC, proxy: Proxy(), setWindowRect: true, strictFileInteractability: false, timeouts: {implicit: 0, pageLoad: 300000, script: 30000}, unhandledPromptBehavior: dismiss and notify}\nSession ID: c0979f007b7ca12375eebe957ebfed86\n*** Element info: {Using=xpath, value=//p[text()='Agaram']}","trace":"org.openqa.selenium.NoSuchElementException: no such element: Unable to locate element: {\"method\":\"xpath\",\"selector\":\"//p[text()='Agaram']\"}\n  (Session info: chrome=80.0.3987.106)\nFor documentation on this error, please visit: http://seleniumhq.org/exceptions/no_such_element.html\nBuild info: version: '3.14.0', revision: 'aacccce0', time: '2018-08-02T20:19:58.91Z'\nSystem info: host: 'Admins-MacBook-Air-4.local', ip: 'fe80:0:0:0:1c33:fc8c:1dc8:374d%en0', os.name: 'Mac OS X', os.arch: 'x86_64', os.version: '10.15.3', java.version: '11.0.5'\nDriver info: org.openqa.selenium.chrome.ChromeDriver\nCapabilities {acceptInsecureCerts: false, browserName: chrome, browserVersion: 80.0.3987.106, chrome: {chromedriverVersion: 79.0.3945.36 (3582db32b3389..., userDataDir: /var/folders/4l/ct0ys2kj2h7...}, goog:chromeOptions: {debuggerAddress: localhost:56479}, javascriptEnabled: true, networkConnectionEnabled: false, pageLoadStrategy: normal, platform: MAC, platformName: MAC, proxy: Proxy(), setWindowRect: true, strictFileInteractability: false, timeouts: {implicit: 0, pageLoad: 300000, script: 30000}, unhandledPromptBehavior: dismiss and notify}\nSession ID: c0979f007b7ca12375eebe957ebfed86\n*** Element info: {Using=xpath, value=//p[text()='Agaram']}\n\tat java.base/jdk.internal.reflect.NativeConstructorAccessorImpl.newInstance0(Native Method)\n\tat java.base/jdk.internal.reflect.NativeConstructorAccessorImpl.newInstance(NativeConstructorAccessorImpl.java:62)\n\tat java.base/jdk.internal.reflect.DelegatingConstructorAccessorImpl.newInstance(DelegatingConstructorAccessorImpl.java:45)\n\tat java.base/java.lang.reflect.Constructor.newInstance(Constructor.java:490)\n\tat org.openqa.selenium.remote.http.W3CHttpResponseCodec.createException(W3CHttpResponseCodec.java:187)\n\tat org.openqa.selenium.remote.http.W3CHttpResponseCodec.decode(W3CHttpResponseCodec.java:122)\n\tat org.openqa.selenium.remote.http.W3CHttpResponseCodec.decode(W3CHttpResponseCodec.java:49)\n\tat org.openqa.selenium.remote.HttpCommandExecutor.execute(HttpCommandExecutor.java:158)\n\tat org.openqa.selenium.remote.service.DriverCommandExecutor.execute(DriverCommandExecutor.java:83)\n\tat org.openqa.selenium.remote.RemoteWebDriver.execute(RemoteWebDriver.java:548)\n\tat org.openqa.selenium.remote.RemoteWebDriver.findElement(RemoteWebDriver.java:322)\n\tat org.openqa.selenium.remote.RemoteWebDriver.findElementByXPath(RemoteWebDriver.java:424)\n\tat org.openqa.selenium.By$ByXPath.findElement(By.java:353)\n\tat org.openqa.selenium.remote.RemoteWebDriver.findElement(RemoteWebDriver.java:314)\n\tat jdk.internal.reflect.GeneratedMethodAccessor1.invoke(Unknown Source)\n\tat java.base/jdk.internal.reflect.DelegatingMethodAccessorImpl.invoke(DelegatingMethodAccessorImpl.java:43)\n\tat java.base/java.lang.reflect.Method.invoke(Method.java:566)\n\tat org.openqa.selenium.support.events.EventFiringWebDriver.lambda$new$1(EventFiringWebDriver.java:105)\n\tat com.sun.proxy.$Proxy15.findElement(Unknown Source)\n\tat org.openqa.selenium.support.events.EventFiringWebDriver.findElement(EventFiringWebDriver.java:194)\n\tat org.kissflow.qa.form.KissflowFieldDefn.setDatalist(KissflowFieldDefn.java:127)\n\tat org.kissflow.qa.form.KissflowFieldDefn.setExtraParam(KissflowFieldDefn.java:81)\n\tat org.kissflow.qa.form.TextFieldDefn.setExtraParam(TextFieldDefn.java:6)\n\tat org.kissflow.qa.form.KissflowFieldDefn.lambda$0(KissflowFieldDefn.java:63)\n\tat java.base/java.util.HashMap$EntrySet.forEach(HashMap.java:1039)\n\tat org.kissflow.qa.form.KissflowFieldDefn.setExtraParams(KissflowFieldDefn.java:61)\n\tat org.kissflow.qa.process.ProcessFormEditor.createField(ProcessFormEditor.java:135)\n\tat test.KFProcessAPISmokeTest.completeProcessTest(KFProcessAPISmokeTest.java:228)\n\tat java.base/jdk.internal.reflect.NativeMethodAccessorImpl.invoke0(Native Method)\n\tat java.base/jdk.internal.reflect.NativeMethodAccessorImpl.invoke(NativeMethodAccessorImpl.java:62)\n\tat java.base/jdk.internal.reflect.DelegatingMethodAccessorImpl.invoke(DelegatingMethodAccessorImpl.java:43)\n\tat java.base/java.lang.reflect.Method.invoke(Method.java:566)\n\tat org.testng.internal.MethodInvocationHelper.invokeMethod(MethodInvocationHelper.java:133)\n\tat org.testng.internal.TestInvoker.invokeMethod(TestInvoker.java:584)\n\tat org.testng.internal.TestInvoker.invokeTestMethod(TestInvoker.java:172)\n\tat org.testng.internal.MethodRunner.runInSequence(MethodRunner.java:46)\n\tat org.testng.internal.TestInvoker$MethodInvocationAgent.invoke(TestInvoker.java:804)\n\tat org.testng.internal.TestInvoker.invokeTestMethods(TestInvoker.java:145)\n\tat org.testng.internal.TestMethodWorker.invokeTestMethods(TestMethodWorker.java:146)\n\tat org.testng.internal.TestMethodWorker.run(TestMethodWorker.java:128)\n\tat java.base/java.util.ArrayList.forEach(ArrayList.java:1540)\n\tat org.testng.TestRunner.privateRun(TestRunner.java:770)\n\tat org.testng.TestRunner.run(TestRunner.java:591)\n\tat org.testng.SuiteRunner.runTest(SuiteRunner.java:402)\n\tat org.testng.SuiteRunner.runSequentially(SuiteRunner.java:396)\n\tat org.testng.SuiteRunner.privateRun(SuiteRunner.java:355)\n\tat org.testng.SuiteRunner.run(SuiteRunner.java:304)\n\tat org.testng.SuiteRunnerWorker.runSuite(SuiteRunnerWorker.java:53)\n\tat org.testng.SuiteRunnerWorker.run(SuiteRunnerWorker.java:96)\n\tat org.testng.TestNG.runSuitesSequentially(TestNG.java:1180)\n\tat org.testng.TestNG.runSuitesLocally(TestNG.java:1102)\n\tat org.testng.TestNG.runSuites(TestNG.java:1032)\n\tat org.testng.TestNG.run(TestNG.java:1000)\n\tat org.testng.remote.AbstractRemoteTestNG.run(AbstractRemoteTestNG.java:115)\n\tat org.testng.remote.RemoteTestNG.initAndRun(RemoteTestNG.java:251)\n\tat org.testng.remote.RemoteTestNG.main(RemoteTestNG.java:77)\n"},"stage":"finished","steps":[{"name":"Login to kissflow","status":"passed","stage":"finished","steps":[],"attachments":[{"name":"Screenshot for current step","source":"1c188ba5-4438-41ad-a0a0-5ec734310296-attachment","type":"image/png"}],"parameters":[{"name":"Username","value":"QAGmail"}],"start":1581665448936,"stop":1581665450305},{"name":"Changing Time zone","status":"passed","stage":"finished","steps":[],"attachments":[{"name":"Screenshot for current step","source":"8cdad5f5-23b3-45ca-8158-d37e355d9e6b-attachment","type":"image/png"}],"parameters":[{"name":"TimeZone","value":"(GMT+05:30) India Standard Time"}],"start":1581665451950,"stop":1581665455235},{"name":"Changing Locale","status":"passed","stage":"finished","steps":[],"attachments":[{"name":"Screenshot for current step","source":"6b5a05a5-71bd-44bf-8ae2-7a04bc62d4ba-attachment","type":"image/png"}],"parameters":[{"name":"Locale","value":"English (India)"}],"start":1581665455235,"stop":1581665455927},{"name":"Create new flow","status":"passed","stage":"finished","steps":[],"attachments":[{"name":"Screenshot for current step","source":"a835992a-b6ef-48a7-b351-6aacb5d568ab-attachment","type":"image/png"},{"name":"Screenshot for current step","source":"127c78da-6c7f-4225-b663-347a571148d2-attachment","type":"image/png"}],"parameters":[{"name":"flow_type","value":"Process"},{"name":"flow_name","value":"SmokeProcess"}],"start":1581665457028,"stop":1581665461361},{"name":"Create field","status":"passed","stage":"finished","steps":[],"attachments":[{"name":"Screenshot for current step","source":"178d430d-ce49-431d-be7c-083f4115b643-attachment","type":"image/png"}],"parameters":[{"name":"FiledType","value":"Text"},{"name":"FieldName","value":"ThisIsText"},{"name":"map","value":"{Required=Yes, Default=This is default content}"}],"start":1581665465027,"stop":1581665468670},{"name":"Create field","status":"passed","stage":"finished","steps":[],"attachments":[{"name":"Screenshot for current step","source":"b05c19d0-155b-4cbb-b4c8-dad14cfbbc0f-attachment","type":"image/png"}],"parameters":[{"name":"FiledType","value":"Text Area"},{"name":"FieldName","value":"ThisIsTextArea"},{"name":"map","value":"{}"}],"start":1581665469425,"stop":1581665472445},{"name":"Create field","status":"passed","stage":"finished","steps":[],"attachments":[{"name":"Screenshot for current step","source":"5445d1fc-28f9-42f0-948b-8a72e46fb976-attachment","type":"image/png"}],"parameters":[{"name":"FiledType","value":"Number"},{"name":"FieldName","value":"ThisIsNum"},{"name":"map","value":"{}"}],"start":1581665472445,"stop":1581665475096},{"name":"Create field","status":"passed","stage":"finished","steps":[],"attachments":[{"name":"Screenshot for current step","source":"6a6194ce-3fda-4621-baab-8fe1d8d6aced-attachment","type":"image/png"}],"parameters":[{"name":"FiledType","value":"Currency"},{"name":"FieldName","value":"ThisIsCurrency"},{"name":"map","value":"{}"}],"start":1581665475097,"stop":1581665478149},{"name":"Create field","status":"passed","stage":"finished","steps":[],"attachments":[{"name":"Screenshot for current step","source":"736bb117-4e62-48af-b337-1de5345339f5-attachment","type":"image/png"}],"parameters":[{"name":"FiledType","value":"Date"},{"name":"FieldName","value":"ThisIsDate"},{"name":"map","value":"{}"}],"start":1581665478149,"stop":1581665481010},{"name":"Create field","status":"passed","stage":"finished","steps":[],"attachments":[{"name":"Screenshot for current step","source":"aa3433f0-d2c4-4b01-8a81-4ece1f9bbd4f-attachment","type":"image/png"}],"parameters":[{"name":"FiledType","value":"Date & Time"},{"name":"FieldName","value":"ThisIsDateAndTime"},{"name":"map","value":"{}"}],"start":1581665481010,"stop":1581665483699},{"name":"Create field","status":"passed","stage":"finished","steps":[],"attachments":[{"name":"Screenshot for current step","source":"a48406d6-2b34-470d-9096-49dc2cd598a2-attachment","type":"image/png"}],"parameters":[{"name":"FiledType","value":"Yes/No"},{"name":"FieldName","value":"ThisIsYesNo"},{"name":"map","value":"{}"}],"start":1581665483699,"stop":1581665486675},{"name":"Create field","status":"passed","stage":"finished","steps":[],"attachments":[{"name":"Screenshot for current step","source":"77ba299f-b459-417f-bb80-241cd19ad63c-attachment","type":"image/png"}],"parameters":[{"name":"FiledType","value":"Image"},{"name":"FieldName","value":"ThisIsImage"},{"name":"map","value":"{}"}],"start":1581665486675,"stop":1581665489334},{"name":"Create field","status":"passed","stage":"finished","steps":[],"attachments":[{"name":"Screenshot for current step","source":"2ceddb6b-2512-4d9a-89a3-d4bfa2b66803-attachment","type":"image/png"}],"parameters":[{"name":"FiledType","value":"Rating"},{"name":"FieldName","value":"ThisIsRating"},{"name":"map","value":"{}"}],"start":1581665489335,"stop":1581665492142},{"name":"Create field","status":"broken","statusDetails":{"known":false,"muted":false,"flaky":false,"message":"no such element: Unable to locate element: {\"method\":\"xpath\",\"selector\":\"//p[text()='Agaram']\"}\n  (Session info: chrome=80.0.3987.106)\nFor documentation on this error, please visit: http://seleniumhq.org/exceptions/no_such_element.html\nBuild info: version: '3.14.0', revision: 'aacccce0', time: '2018-08-02T20:19:58.91Z'\nSystem info: host: 'Admins-MacBook-Air-4.local', ip: 'fe80:0:0:0:1c33:fc8c:1dc8:374d%en0', os.name: 'Mac OS X', os.arch: 'x86_64', os.version: '10.15.3', java.version: '11.0.5'\nDriver info: org.openqa.selenium.chrome.ChromeDriver\nCapabilities {acceptInsecureCerts: false, browserName: chrome, browserVersion: 80.0.3987.106, chrome: {chromedriverVersion: 79.0.3945.36 (3582db32b3389..., userDataDir: /var/folders/4l/ct0ys2kj2h7...}, goog:chromeOptions: {debuggerAddress: localhost:56479}, javascriptEnabled: true, networkConnectionEnabled: false, pageLoadStrategy: normal, platform: MAC, platformName: MAC, proxy: Proxy(), setWindowRect: true, strictFileInteractability: false, timeouts: {implicit: 0, pageLoad: 300000, script: 30000}, unhandledPromptBehavior: dismiss and notify}\nSession ID: c0979f007b7ca12375eebe957ebfed86\n*** Element info: {Using=xpath, value=//p[text()='Agaram']}","trace":"org.openqa.selenium.NoSuchElementException: no such element: Unable to locate element: {\"method\":\"xpath\",\"selector\":\"//p[text()='Agaram']\"}\n  (Session info: chrome=80.0.3987.106)\nFor documentation on this error, please visit: http://seleniumhq.org/exceptions/no_such_element.html\nBuild info: version: '3.14.0', revision: 'aacccce0', time: '2018-08-02T20:19:58.91Z'\nSystem info: host: 'Admins-MacBook-Air-4.local', ip: 'fe80:0:0:0:1c33:fc8c:1dc8:374d%en0', os.name: 'Mac OS X', os.arch: 'x86_64', os.version: '10.15.3', java.version: '11.0.5'\nDriver info: org.openqa.selenium.chrome.ChromeDriver\nCapabilities {acceptInsecureCerts: false, browserName: chrome, browserVersion: 80.0.3987.106, chrome: {chromedriverVersion: 79.0.3945.36 (3582db32b3389..., userDataDir: /var/folders/4l/ct0ys2kj2h7...}, goog:chromeOptions: {debuggerAddress: localhost:56479}, javascriptEnabled: true, networkConnectionEnabled: false, pageLoadStrategy: normal, platform: MAC, platformName: MAC, proxy: Proxy(), setWindowRect: true, strictFileInteractability: false, timeouts: {implicit: 0, pageLoad: 300000, script: 30000}, unhandledPromptBehavior: dismiss and notify}\nSession ID: c0979f007b7ca12375eebe957ebfed86\n*** Element info: {Using=xpath, value=//p[text()='Agaram']}\n\tat java.base/jdk.internal.reflect.NativeConstructorAccessorImpl.newInstance0(Native Method)\n\tat java.base/jdk.internal.reflect.NativeConstructorAccessorImpl.newInstance(NativeConstructorAccessorImpl.java:62)\n\tat java.base/jdk.internal.reflect.DelegatingConstructorAccessorImpl.newInstance(DelegatingConstructorAccessorImpl.java:45)\n\tat java.base/java.lang.reflect.Constructor.newInstance(Constructor.java:490)\n\tat org.openqa.selenium.remote.http.W3CHttpResponseCodec.createException(W3CHttpResponseCodec.java:187)\n\tat org.openqa.selenium.remote.http.W3CHttpResponseCodec.decode(W3CHttpResponseCodec.java:122)\n\tat org.openqa.selenium.remote.http.W3CHttpResponseCodec.decode(W3CHttpResponseCodec.java:49)\n\tat org.openqa.selenium.remote.HttpCommandExecutor.execute(HttpCommandExecutor.java:158)\n\tat org.openqa.selenium.remote.service.DriverCommandExecutor.execute(DriverCommandExecutor.java:83)\n\tat org.openqa.selenium.remote.RemoteWebDriver.execute(RemoteWebDriver.java:548)\n\tat org.openqa.selenium.remote.RemoteWebDriver.findElement(RemoteWebDriver.java:322)\n\tat org.openqa.selenium.remote.RemoteWebDriver.findElementByXPath(RemoteWebDriver.java:424)\n\tat org.openqa.selenium.By$ByXPath.findElement(By.java:353)\n\tat org.openqa.selenium.remote.RemoteWebDriver.findElement(RemoteWebDriver.java:314)\n\tat jdk.internal.reflect.GeneratedMethodAccessor1.invoke(Unknown Source)\n\tat java.base/jdk.internal.reflect.DelegatingMethodAccessorImpl.invoke(DelegatingMethodAccessorImpl.java:43)\n\tat java.base/java.lang.reflect.Method.invoke(Method.java:566)\n\tat org.openqa.selenium.support.events.EventFiringWebDriver.lambda$new$1(EventFiringWebDriver.java:105)\n\tat com.sun.proxy.$Proxy15.findElement(Unknown Source)\n\tat org.openqa.selenium.support.events.EventFiringWebDriver.findElement(EventFiringWebDriver.java:194)\n\tat org.kissflow.qa.form.KissflowFieldDefn.setDatalist(KissflowFieldDefn.java:127)\n\tat org.kissflow.qa.form.KissflowFieldDefn.setExtraParam(KissflowFieldDefn.java:81)\n\tat org.kissflow.qa.form.TextFieldDefn.setExtraParam(TextFieldDefn.java:6)\n\tat org.kissflow.qa.form.KissflowFieldDefn.lambda$0(KissflowFieldDefn.java:63)\n\tat java.base/java.util.HashMap$EntrySet.forEach(HashMap.java:1039)\n\tat org.kissflow.qa.form.KissflowFieldDefn.setExtraParams(KissflowFieldDefn.java:61)\n\tat org.kissflow.qa.process.ProcessFormEditor.createField(ProcessFormEditor.java:135)\n\tat test.KFProcessAPISmokeTest.completeProcessTest(KFProcessAPISmokeTest.java:228)\n\tat java.base/jdk.internal.reflect.NativeMethodAccessorImpl.invoke0(Native Method)\n\tat java.base/jdk.internal.reflect.NativeMethodAccessorImpl.invoke(NativeMethodAccessorImpl.java:62)\n\tat java.base/jdk.internal.reflect.DelegatingMethodAccessorImpl.invoke(DelegatingMethodAccessorImpl.java:43)\n\tat java.base/java.lang.reflect.Method.invoke(Method.java:566)\n\tat org.testng.internal.MethodInvocationHelper.invokeMethod(MethodInvocationHelper.java:133)\n\tat org.testng.internal.TestInvoker.invokeMethod(TestInvoker.java:584)\n\tat org.testng.internal.TestInvoker.invokeTestMethod(TestInvoker.java:172)\n\tat org.testng.internal.MethodRunner.runInSequence(MethodRunner.java:46)\n\tat org.testng.internal.TestInvoker$MethodInvocationAgent.invoke(TestInvoker.java:804)\n\tat org.testng.internal.TestInvoker.invokeTestMethods(TestInvoker.java:145)\n\tat org.testng.internal.TestMethodWorker.invokeTestMethods(TestMethodWorker.java:146)\n\tat org.testng.internal.TestMethodWorker.run(TestMethodWorker.java:128)\n\tat java.base/java.util.ArrayList.forEach(ArrayList.java:1540)\n\tat org.testng.TestRunner.privateRun(TestRunner.java:770)\n\tat org.testng.TestRunner.run(TestRunner.java:591)\n\tat org.testng.SuiteRunner.runTest(SuiteRunner.java:402)\n\tat org.testng.SuiteRunner.runSequentially(SuiteRunner.java:396)\n\tat org.testng.SuiteRunner.privateRun(SuiteRunner.java:355)\n\tat org.testng.SuiteRunner.run(SuiteRunner.java:304)\n\tat org.testng.SuiteRunnerWorker.runSuite(SuiteRunnerWorker.java:53)\n\tat org.testng.SuiteRunnerWorker.run(SuiteRunnerWorker.java:96)\n\tat org.testng.TestNG.runSuitesSequentially(TestNG.java:1180)\n\tat org.testng.TestNG.runSuitesLocally(TestNG.java:1102)\n\tat org.testng.TestNG.runSuites(TestNG.java:1032)\n\tat org.testng.TestNG.run(TestNG.java:1000)\n\tat org.testng.remote.AbstractRemoteTestNG.run(AbstractRemoteTestNG.java:115)\n\tat org.testng.remote.RemoteTestNG.initAndRun(RemoteTestNG.java:251)\n\tat org.testng.remote.RemoteTestNG.main(RemoteTestNG.java:77)\n"},"stage":"finished","steps":[],"attachments":[],"parameters":[{"name":"FiledType","value":"Dropdown"},{"name":"FieldName","value":"ThisIsDropdown"},{"name":"map","value":"{Datalist=Agaram}"}],"start":1581665492142,"stop":1581665514329}],"attachments":[{"name":"Screenshot for current step","source":"a6add90e-df1d-4d2c-a2c4-9fd5b6576284-attachment","type":"image/png"}],"parameters":[],"start":1581665448472,"stop":1581665514342,"uuid":"71fe5c50-6b93-4e6f-a35b-a694485708bf","historyId":"ac09aadd2ace41f982741b0cb901aa7b","fullName":"test.KFProcessAPISmokeTest.completeProcessTest","labels":[{"name":"package","value":"test.KFProcessAPISmokeTest"},{"name":"testClass","value":"test.KFProcessAPISmokeTest"},{"name":"testMethod","value":"completeProcessTest"},{"name":"parentSuite","value":"Default suite"},{"name":"suite","value":"Default test"},{"name":"subSuite","value":"test.KFProcessAPISmokeTest"},{"name":"host","value":"Admins-MacBook-Air-4.local"},{"name":"thread","value":"11406@Admins-MacBook-Air-4.local.main(1)"},{"name":"framework","value":"testng"},{"name":"language","value":"java"}],"links":[]}