{"name":"completeProcessTest","status":"broken","statusDetails":{"known":false,"muted":false,"flaky":false,"message":"Expected condition failed: waiting for visibility of Proxy element for: DefaultElementLocator 'By.xpath: //*[@id='studioOverlay']/..//h5' (tried for 30 second(s) with 500 milliseconds interval)","trace":"org.openqa.selenium.TimeoutException: Expected condition failed: waiting for visibility of Proxy element for: DefaultElementLocator 'By.xpath: //*[@id='studioOverlay']/..//h5' (tried for 30 second(s) with 500 milliseconds interval)\n\tat org.openqa.selenium.support.ui.WebDriverWait.timeoutException(WebDriverWait.java:113)\n\tat org.openqa.selenium.support.ui.FluentWait.until(FluentWait.java:283)\n\tat org.kissflow.qa.utils.Utils.isElementLoaded(Utils.java:17)\n\tat org.kissflow.qa.process.ProcessHomePage.getProcessName(ProcessHomePage.java:81)\n\tat test.KFProcessAPISmokeTest.completeProcessTest(KFProcessAPISmokeTest.java:204)\n\tat java.base/jdk.internal.reflect.NativeMethodAccessorImpl.invoke0(Native Method)\n\tat java.base/jdk.internal.reflect.NativeMethodAccessorImpl.invoke(NativeMethodAccessorImpl.java:62)\n\tat java.base/jdk.internal.reflect.DelegatingMethodAccessorImpl.invoke(DelegatingMethodAccessorImpl.java:43)\n\tat java.base/java.lang.reflect.Method.invoke(Method.java:566)\n\tat org.testng.internal.MethodInvocationHelper.invokeMethod(MethodInvocationHelper.java:133)\n\tat org.testng.internal.TestInvoker.invokeMethod(TestInvoker.java:584)\n\tat org.testng.internal.TestInvoker.invokeTestMethod(TestInvoker.java:172)\n\tat org.testng.internal.MethodRunner.runInSequence(MethodRunner.java:46)\n\tat org.testng.internal.TestInvoker$MethodInvocationAgent.invoke(TestInvoker.java:804)\n\tat org.testng.internal.TestInvoker.invokeTestMethods(TestInvoker.java:145)\n\tat org.testng.internal.TestMethodWorker.invokeTestMethods(TestMethodWorker.java:146)\n\tat org.testng.internal.TestMethodWorker.run(TestMethodWorker.java:128)\n\tat java.base/java.util.ArrayList.forEach(ArrayList.java:1540)\n\tat org.testng.TestRunner.privateRun(TestRunner.java:770)\n\tat org.testng.TestRunner.run(TestRunner.java:591)\n\tat org.testng.SuiteRunner.runTest(SuiteRunner.java:402)\n\tat org.testng.SuiteRunner.runSequentially(SuiteRunner.java:396)\n\tat org.testng.SuiteRunner.privateRun(SuiteRunner.java:355)\n\tat org.testng.SuiteRunner.run(SuiteRunner.java:304)\n\tat org.testng.SuiteRunnerWorker.runSuite(SuiteRunnerWorker.java:53)\n\tat org.testng.SuiteRunnerWorker.run(SuiteRunnerWorker.java:96)\n\tat org.testng.TestNG.runSuitesSequentially(TestNG.java:1180)\n\tat org.testng.TestNG.runSuitesLocally(TestNG.java:1102)\n\tat org.testng.TestNG.runSuites(TestNG.java:1032)\n\tat org.testng.TestNG.run(TestNG.java:1000)\n\tat org.testng.remote.AbstractRemoteTestNG.run(AbstractRemoteTestNG.java:115)\n\tat org.testng.remote.RemoteTestNG.initAndRun(RemoteTestNG.java:251)\n\tat org.testng.remote.RemoteTestNG.main(RemoteTestNG.java:77)\nCaused by: org.openqa.selenium.NoSuchElementException: no such element: Unable to locate element: {\"method\":\"xpath\",\"selector\":\"//*[@id='studioOverlay']/..//h5\"}\n  (Session info: chrome=80.0.3987.149)\nFor documentation on this error, please visit: http://seleniumhq.org/exceptions/no_such_element.html\nBuild info: version: '3.14.0', revision: 'aacccce0', time: '2018-08-02T20:19:58.91Z'\nSystem info: host: 'Admins-MacBook-Air-4.local', ip: 'fe80:0:0:0:4ed:675b:758c:e6bf%en0', os.name: 'Mac OS X', os.arch: 'x86_64', os.version: '10.15.3', java.version: '11.0.5'\nDriver info: org.openqa.selenium.chrome.ChromeDriver\nCapabilities {acceptInsecureCerts: false, browserName: chrome, browserVersion: 80.0.3987.149, chrome: {chromedriverVersion: 79.0.3945.36 (3582db32b3389..., userDataDir: /var/folders/4l/ct0ys2kj2h7...}, goog:chromeOptions: {debuggerAddress: localhost:52599}, javascriptEnabled: true, networkConnectionEnabled: false, pageLoadStrategy: normal, platform: MAC, platformName: MAC, proxy: Proxy(), setWindowRect: true, strictFileInteractability: false, timeouts: {implicit: 0, pageLoad: 300000, script: 30000}, unhandledPromptBehavior: dismiss and notify}\nSession ID: 702736be6b3db2731106d7f38d756c40\n*** Element info: {Using=xpath, value=//*[@id='studioOverlay']/..//h5}\n\tat java.base/jdk.internal.reflect.NativeConstructorAccessorImpl.newInstance0(Native Method)\n\tat java.base/jdk.internal.reflect.NativeConstructorAccessorImpl.newInstance(NativeConstructorAccessorImpl.java:62)\n\tat java.base/jdk.internal.reflect.DelegatingConstructorAccessorImpl.newInstance(DelegatingConstructorAccessorImpl.java:45)\n\tat java.base/java.lang.reflect.Constructor.newInstance(Constructor.java:490)\n\tat org.openqa.selenium.remote.http.W3CHttpResponseCodec.createException(W3CHttpResponseCodec.java:187)\n\tat org.openqa.selenium.remote.http.W3CHttpResponseCodec.decode(W3CHttpResponseCodec.java:122)\n\tat org.openqa.selenium.remote.http.W3CHttpResponseCodec.decode(W3CHttpResponseCodec.java:49)\n\tat org.openqa.selenium.remote.HttpCommandExecutor.execute(HttpCommandExecutor.java:158)\n\tat org.openqa.selenium.remote.service.DriverCommandExecutor.execute(DriverCommandExecutor.java:83)\n\tat org.openqa.selenium.remote.RemoteWebDriver.execute(RemoteWebDriver.java:548)\n\tat org.openqa.selenium.remote.RemoteWebDriver.findElement(RemoteWebDriver.java:322)\n\tat org.openqa.selenium.remote.RemoteWebDriver.findElementByXPath(RemoteWebDriver.java:424)\n\tat org.openqa.selenium.By$ByXPath.findElement(By.java:353)\n\tat org.openqa.selenium.remote.RemoteWebDriver.findElement(RemoteWebDriver.java:314)\n\tat jdk.internal.reflect.GeneratedMethodAccessor1.invoke(Unknown Source)\n\tat java.base/jdk.internal.reflect.DelegatingMethodAccessorImpl.invoke(DelegatingMethodAccessorImpl.java:43)\n\tat java.base/java.lang.reflect.Method.invoke(Method.java:566)\n\tat org.openqa.selenium.support.events.EventFiringWebDriver.lambda$new$1(EventFiringWebDriver.java:105)\n\tat com.sun.proxy.$Proxy18.findElement(Unknown Source)\n\tat org.openqa.selenium.support.events.EventFiringWebDriver.findElement(EventFiringWebDriver.java:194)\n\tat org.openqa.selenium.support.pagefactory.DefaultElementLocator.findElement(DefaultElementLocator.java:69)\n\tat org.openqa.selenium.support.pagefactory.internal.LocatingElementHandler.invoke(LocatingElementHandler.java:38)\n\tat com.sun.proxy.$Proxy25.isDisplayed(Unknown Source)\n\tat org.openqa.selenium.support.ui.ExpectedConditions.elementIfVisible(ExpectedConditions.java:315)\n\tat org.openqa.selenium.support.ui.ExpectedConditions.access$100(ExpectedConditions.java:44)\n\tat org.openqa.selenium.support.ui.ExpectedConditions$10.apply(ExpectedConditions.java:301)\n\tat org.openqa.selenium.support.ui.ExpectedConditions$10.apply(ExpectedConditions.java:298)\n\tat org.openqa.selenium.support.ui.FluentWait.until(FluentWait.java:260)\n\t... 31 more\n"},"stage":"finished","steps":[{"name":"Login to kissflow","status":"passed","stage":"finished","steps":[],"attachments":[{"name":"Screenshot for current step","source":"d5d2cdd4-2e56-4350-bc1e-3d7bc6c6e2f7-attachment","type":"image/png"}],"parameters":[{"name":"Username","value":"QAGmail"}],"start":1586151631339,"stop":1586151632600},{"name":"Changing Time zone","status":"passed","stage":"finished","steps":[],"attachments":[{"name":"Screenshot for current step","source":"398970c8-fbe8-4767-9a18-d15b2bfa8565-attachment","type":"image/png"}],"parameters":[{"name":"TimeZone","value":"(GMT+05:30) India Standard Time"}],"start":1586151634133,"stop":1586151637498},{"name":"Changing Locale","status":"passed","stage":"finished","steps":[],"attachments":[{"name":"Screenshot for current step","source":"b9d8adfa-ed86-46dd-8723-148d0cf3f979-attachment","type":"image/png"}],"parameters":[{"name":"Locale","value":"English (India)"}],"start":1586151637499,"stop":1586151638242},{"name":"Create new flow","status":"passed","stage":"finished","steps":[],"attachments":[{"name":"Screenshot for current step","source":"0b08e4dd-510d-46ca-b42e-cf8a9e170959-attachment","type":"image/png"},{"name":"Screenshot for current step","source":"bbaea327-4128-4b7d-9f48-e6b9c51559b1-attachment","type":"image/png"}],"parameters":[{"name":"flow_type","value":"Process"},{"name":"flow_name","value":"SmokeProcess"}],"start":1586151639335,"stop":1586151644125}],"attachments":[],"parameters":[],"start":1586151630766,"stop":1586151704809,"uuid":"c9864a21-7771-43be-871b-7f3c8e57bda0","historyId":"ac09aadd2ace41f982741b0cb901aa7b","fullName":"test.KFProcessAPISmokeTest.completeProcessTest","labels":[{"name":"package","value":"test.KFProcessAPISmokeTest"},{"name":"testClass","value":"test.KFProcessAPISmokeTest"},{"name":"testMethod","value":"completeProcessTest"},{"name":"parentSuite","value":"Suite"},{"name":"suite","value":"ProcessApiTest"},{"name":"subSuite","value":"test.KFProcessAPISmokeTest"},{"name":"host","value":"Admins-MacBook-Air-4.local"},{"name":"thread","value":"12478@Admins-MacBook-Air-4.local.main(1)"},{"name":"framework","value":"testng"},{"name":"language","value":"java"}],"links":[]}