{"name":"completeProcessTest","status":"broken","statusDetails":{"known":false,"muted":false,"flaky":false,"message":"no such element: Unable to locate element: {\"method\":\"xpath\",\"selector\":\"//p[text()='EndtoEnd']\"}\n  (Session info: chrome=80.0.3987.116)\nFor documentation on this error, please visit: http://seleniumhq.org/exceptions/no_such_element.html\nBuild info: version: '3.14.0', revision: 'aacccce0', time: '2018-08-02T20:19:58.91Z'\nSystem info: host: 'Admins-MacBook-Air-4.local', ip: 'fe80:0:0:0:1c33:fc8c:1dc8:374d%en0', os.name: 'Mac OS X', os.arch: 'x86_64', os.version: '10.15.3', java.version: '11.0.5'\nDriver info: org.openqa.selenium.chrome.ChromeDriver\nCapabilities {acceptInsecureCerts: false, browserName: chrome, browserVersion: 80.0.3987.116, chrome: {chromedriverVersion: 79.0.3945.36 (3582db32b3389..., userDataDir: /var/folders/4l/ct0ys2kj2h7...}, goog:chromeOptions: {debuggerAddress: localhost:57426}, javascriptEnabled: true, networkConnectionEnabled: false, pageLoadStrategy: normal, platform: MAC, platformName: MAC, proxy: Proxy(), setWindowRect: true, strictFileInteractability: false, timeouts: {implicit: 0, pageLoad: 300000, script: 30000}, unhandledPromptBehavior: dismiss and notify}\nSession ID: d079882a0414d33212e56a667ca4275c\n*** Element info: {Using=xpath, value=//p[text()='EndtoEnd']}","trace":"org.openqa.selenium.NoSuchElementException: no such element: Unable to locate element: {\"method\":\"xpath\",\"selector\":\"//p[text()='EndtoEnd']\"}\n  (Session info: chrome=80.0.3987.116)\nFor documentation on this error, please visit: http://seleniumhq.org/exceptions/no_such_element.html\nBuild info: version: '3.14.0', revision: 'aacccce0', time: '2018-08-02T20:19:58.91Z'\nSystem info: host: 'Admins-MacBook-Air-4.local', ip: 'fe80:0:0:0:1c33:fc8c:1dc8:374d%en0', os.name: 'Mac OS X', os.arch: 'x86_64', os.version: '10.15.3', java.version: '11.0.5'\nDriver info: org.openqa.selenium.chrome.ChromeDriver\nCapabilities {acceptInsecureCerts: false, browserName: chrome, browserVersion: 80.0.3987.116, chrome: {chromedriverVersion: 79.0.3945.36 (3582db32b3389..., userDataDir: /var/folders/4l/ct0ys2kj2h7...}, goog:chromeOptions: {debuggerAddress: localhost:57426}, javascriptEnabled: true, networkConnectionEnabled: false, pageLoadStrategy: normal, platform: MAC, platformName: MAC, proxy: Proxy(), setWindowRect: true, strictFileInteractability: false, timeouts: {implicit: 0, pageLoad: 300000, script: 30000}, unhandledPromptBehavior: dismiss and notify}\nSession ID: d079882a0414d33212e56a667ca4275c\n*** Element info: {Using=xpath, value=//p[text()='EndtoEnd']}\n\tat java.base/jdk.internal.reflect.NativeConstructorAccessorImpl.newInstance0(Native Method)\n\tat java.base/jdk.internal.reflect.NativeConstructorAccessorImpl.newInstance(NativeConstructorAccessorImpl.java:62)\n\tat java.base/jdk.internal.reflect.DelegatingConstructorAccessorImpl.newInstance(DelegatingConstructorAccessorImpl.java:45)\n\tat java.base/java.lang.reflect.Constructor.newInstance(Constructor.java:490)\n\tat org.openqa.selenium.remote.http.W3CHttpResponseCodec.createException(W3CHttpResponseCodec.java:187)\n\tat org.openqa.selenium.remote.http.W3CHttpResponseCodec.decode(W3CHttpResponseCodec.java:122)\n\tat org.openqa.selenium.remote.http.W3CHttpResponseCodec.decode(W3CHttpResponseCodec.java:49)\n\tat org.openqa.selenium.remote.HttpCommandExecutor.execute(HttpCommandExecutor.java:158)\n\tat org.openqa.selenium.remote.service.DriverCommandExecutor.execute(DriverCommandExecutor.java:83)\n\tat org.openqa.selenium.remote.RemoteWebDriver.execute(RemoteWebDriver.java:548)\n\tat org.openqa.selenium.remote.RemoteWebDriver.findElement(RemoteWebDriver.java:322)\n\tat org.openqa.selenium.remote.RemoteWebDriver.findElementByXPath(RemoteWebDriver.java:424)\n\tat org.openqa.selenium.By$ByXPath.findElement(By.java:353)\n\tat org.openqa.selenium.remote.RemoteWebDriver.findElement(RemoteWebDriver.java:314)\n\tat jdk.internal.reflect.GeneratedMethodAccessor1.invoke(Unknown Source)\n\tat java.base/jdk.internal.reflect.DelegatingMethodAccessorImpl.invoke(DelegatingMethodAccessorImpl.java:43)\n\tat java.base/java.lang.reflect.Method.invoke(Method.java:566)\n\tat org.openqa.selenium.support.events.EventFiringWebDriver.lambda$new$1(EventFiringWebDriver.java:105)\n\tat com.sun.proxy.$Proxy15.findElement(Unknown Source)\n\tat org.openqa.selenium.support.events.EventFiringWebDriver.findElement(EventFiringWebDriver.java:194)\n\tat org.kissflow.qa.form.KissflowFieldDefn.setLookupSource(KissflowFieldDefn.java:140)\n\tat org.kissflow.qa.form.KissflowFieldDefn.setExtraParam(KissflowFieldDefn.java:85)\n\tat org.kissflow.qa.form.TextFieldDefn.setExtraParam(TextFieldDefn.java:6)\n\tat org.kissflow.qa.form.KissflowFieldDefn.lambda$0(KissflowFieldDefn.java:64)\n\tat java.base/java.util.HashMap$EntrySet.forEach(HashMap.java:1039)\n\tat org.kissflow.qa.form.KissflowFieldDefn.setExtraParams(KissflowFieldDefn.java:62)\n\tat org.kissflow.qa.process.ProcessFormEditor.createField(ProcessFormEditor.java:175)\n\tat test.KFProcessAPISmokeTest.completeProcessTest(KFProcessAPISmokeTest.java:252)\n\tat java.base/jdk.internal.reflect.NativeMethodAccessorImpl.invoke0(Native Method)\n\tat java.base/jdk.internal.reflect.NativeMethodAccessorImpl.invoke(NativeMethodAccessorImpl.java:62)\n\tat java.base/jdk.internal.reflect.DelegatingMethodAccessorImpl.invoke(DelegatingMethodAccessorImpl.java:43)\n\tat java.base/java.lang.reflect.Method.invoke(Method.java:566)\n\tat org.testng.internal.MethodInvocationHelper.invokeMethod(MethodInvocationHelper.java:133)\n\tat org.testng.internal.TestInvoker.invokeMethod(TestInvoker.java:584)\n\tat org.testng.internal.TestInvoker.invokeTestMethod(TestInvoker.java:172)\n\tat org.testng.internal.MethodRunner.runInSequence(MethodRunner.java:46)\n\tat org.testng.internal.TestInvoker$MethodInvocationAgent.invoke(TestInvoker.java:804)\n\tat org.testng.internal.TestInvoker.invokeTestMethods(TestInvoker.java:145)\n\tat org.testng.internal.TestMethodWorker.invokeTestMethods(TestMethodWorker.java:146)\n\tat org.testng.internal.TestMethodWorker.run(TestMethodWorker.java:128)\n\tat java.base/java.util.ArrayList.forEach(ArrayList.java:1540)\n\tat org.testng.TestRunner.privateRun(TestRunner.java:770)\n\tat org.testng.TestRunner.run(TestRunner.java:591)\n\tat org.testng.SuiteRunner.runTest(SuiteRunner.java:402)\n\tat org.testng.SuiteRunner.runSequentially(SuiteRunner.java:396)\n\tat org.testng.SuiteRunner.privateRun(SuiteRunner.java:355)\n\tat org.testng.SuiteRunner.run(SuiteRunner.java:304)\n\tat org.testng.SuiteRunnerWorker.runSuite(SuiteRunnerWorker.java:53)\n\tat org.testng.SuiteRunnerWorker.run(SuiteRunnerWorker.java:96)\n\tat org.testng.TestNG.runSuitesSequentially(TestNG.java:1180)\n\tat org.testng.TestNG.runSuitesLocally(TestNG.java:1102)\n\tat org.testng.TestNG.runSuites(TestNG.java:1032)\n\tat org.testng.TestNG.run(TestNG.java:1000)\n\tat org.testng.remote.AbstractRemoteTestNG.run(AbstractRemoteTestNG.java:115)\n\tat org.testng.remote.RemoteTestNG.initAndRun(RemoteTestNG.java:251)\n\tat org.testng.remote.RemoteTestNG.main(RemoteTestNG.java:77)\n"},"stage":"finished","steps":[{"name":"Login to kissflow","status":"passed","stage":"finished","steps":[],"attachments":[{"name":"Screenshot for current step","source":"cc64400d-075c-47bd-b4c0-895061d845d3-attachment","type":"image/png"}],"parameters":[{"name":"Username","value":"QAGmail"}],"start":1582263826361,"stop":1582263827903},{"name":"Changing Time zone","status":"passed","stage":"finished","steps":[],"attachments":[{"name":"Screenshot for current step","source":"6e46ae4e-1b28-4a95-8c83-de245abc3492-attachment","type":"image/png"}],"parameters":[{"name":"TimeZone","value":"(GMT+05:30) India Standard Time"}],"start":1582263829725,"stop":1582263832428},{"name":"Changing Locale","status":"passed","stage":"finished","steps":[],"attachments":[{"name":"Screenshot for current step","source":"6b59cba0-b822-464c-ba9b-2828b2a13547-attachment","type":"image/png"}],"parameters":[{"name":"Locale","value":"English (India)"}],"start":1582263832429,"stop":1582263833136},{"name":"Create new flow","status":"passed","stage":"finished","steps":[],"attachments":[{"name":"Screenshot for current step","source":"3b4275f2-e648-4ae3-a740-c18930783ac3-attachment","type":"image/png"},{"name":"Screenshot for current step","source":"6944d08f-2b00-4628-8421-8473759e6751-attachment","type":"image/png"}],"parameters":[{"name":"flow_type","value":"Process"},{"name":"flow_name","value":"SmokeProcess"}],"start":1582263834231,"stop":1582263838541},{"name":"Create field","status":"passed","stage":"finished","steps":[],"attachments":[{"name":"Screenshot for current step","source":"c5124881-2a71-47e4-b2f3-0516d6b160fa-attachment","type":"image/png"}],"parameters":[{"name":"FiledType","value":"Text"},{"name":"FieldName","value":"ThisIsText"},{"name":"map","value":"{Required=Yes, Default=This is default content}"}],"start":1582263841526,"stop":1582263845312},{"name":"Create field","status":"passed","stage":"finished","steps":[],"attachments":[{"name":"Screenshot for current step","source":"0b820e68-312a-49a2-b276-14bc73e02811-attachment","type":"image/png"}],"parameters":[{"name":"FiledType","value":"Date & Time"},{"name":"FieldName","value":"ThisIsDateAndTime"},{"name":"map","value":"{}"}],"start":1582263846015,"stop":1582263849275},{"name":"Create field","status":"passed","stage":"finished","steps":[],"attachments":[{"name":"Screenshot for current step","source":"63c292b6-2e23-45ec-9902-00d809528a3c-attachment","type":"image/png"}],"parameters":[{"name":"FiledType","value":"Image"},{"name":"FieldName","value":"ThisIsImage"},{"name":"map","value":"{}"}],"start":1582263849275,"stop":1582263851795},{"name":"Create field","status":"passed","stage":"finished","steps":[],"attachments":[{"name":"Screenshot for current step","source":"03b71a1c-8a32-473f-b51d-395cc90c57aa-attachment","type":"image/png"}],"parameters":[{"name":"FiledType","value":"Attachment"},{"name":"FieldName","value":"ThisIsAttach"},{"name":"map","value":"{}"}],"start":1582263851796,"stop":1582263854287},{"name":"Create field","status":"passed","stage":"finished","steps":[],"attachments":[{"name":"Screenshot for current step","source":"c522af1e-545d-43a7-9188-4beeaad8d805-attachment","type":"image/png"}],"parameters":[{"name":"FiledType","value":"Signature"},{"name":"FieldName","value":"ThisIsSign"},{"name":"map","value":"{}"}],"start":1582263854288,"stop":1582263857419},{"name":"Create field","status":"broken","statusDetails":{"known":false,"muted":false,"flaky":false,"message":"no such element: Unable to locate element: {\"method\":\"xpath\",\"selector\":\"//p[text()='EndtoEnd']\"}\n  (Session info: chrome=80.0.3987.116)\nFor documentation on this error, please visit: http://seleniumhq.org/exceptions/no_such_element.html\nBuild info: version: '3.14.0', revision: 'aacccce0', time: '2018-08-02T20:19:58.91Z'\nSystem info: host: 'Admins-MacBook-Air-4.local', ip: 'fe80:0:0:0:1c33:fc8c:1dc8:374d%en0', os.name: 'Mac OS X', os.arch: 'x86_64', os.version: '10.15.3', java.version: '11.0.5'\nDriver info: org.openqa.selenium.chrome.ChromeDriver\nCapabilities {acceptInsecureCerts: false, browserName: chrome, browserVersion: 80.0.3987.116, chrome: {chromedriverVersion: 79.0.3945.36 (3582db32b3389..., userDataDir: /var/folders/4l/ct0ys2kj2h7...}, goog:chromeOptions: {debuggerAddress: localhost:57426}, javascriptEnabled: true, networkConnectionEnabled: false, pageLoadStrategy: normal, platform: MAC, platformName: MAC, proxy: Proxy(), setWindowRect: true, strictFileInteractability: false, timeouts: {implicit: 0, pageLoad: 300000, script: 30000}, unhandledPromptBehavior: dismiss and notify}\nSession ID: d079882a0414d33212e56a667ca4275c\n*** Element info: {Using=xpath, value=//p[text()='EndtoEnd']}","trace":"org.openqa.selenium.NoSuchElementException: no such element: Unable to locate element: {\"method\":\"xpath\",\"selector\":\"//p[text()='EndtoEnd']\"}\n  (Session info: chrome=80.0.3987.116)\nFor documentation on this error, please visit: http://seleniumhq.org/exceptions/no_such_element.html\nBuild info: version: '3.14.0', revision: 'aacccce0', time: '2018-08-02T20:19:58.91Z'\nSystem info: host: 'Admins-MacBook-Air-4.local', ip: 'fe80:0:0:0:1c33:fc8c:1dc8:374d%en0', os.name: 'Mac OS X', os.arch: 'x86_64', os.version: '10.15.3', java.version: '11.0.5'\nDriver info: org.openqa.selenium.chrome.ChromeDriver\nCapabilities {acceptInsecureCerts: false, browserName: chrome, browserVersion: 80.0.3987.116, chrome: {chromedriverVersion: 79.0.3945.36 (3582db32b3389..., userDataDir: /var/folders/4l/ct0ys2kj2h7...}, goog:chromeOptions: {debuggerAddress: localhost:57426}, javascriptEnabled: true, networkConnectionEnabled: false, pageLoadStrategy: normal, platform: MAC, platformName: MAC, proxy: Proxy(), setWindowRect: true, strictFileInteractability: false, timeouts: {implicit: 0, pageLoad: 300000, script: 30000}, unhandledPromptBehavior: dismiss and notify}\nSession ID: d079882a0414d33212e56a667ca4275c\n*** Element info: {Using=xpath, value=//p[text()='EndtoEnd']}\n\tat java.base/jdk.internal.reflect.NativeConstructorAccessorImpl.newInstance0(Native Method)\n\tat java.base/jdk.internal.reflect.NativeConstructorAccessorImpl.newInstance(NativeConstructorAccessorImpl.java:62)\n\tat java.base/jdk.internal.reflect.DelegatingConstructorAccessorImpl.newInstance(DelegatingConstructorAccessorImpl.java:45)\n\tat java.base/java.lang.reflect.Constructor.newInstance(Constructor.java:490)\n\tat org.openqa.selenium.remote.http.W3CHttpResponseCodec.createException(W3CHttpResponseCodec.java:187)\n\tat org.openqa.selenium.remote.http.W3CHttpResponseCodec.decode(W3CHttpResponseCodec.java:122)\n\tat org.openqa.selenium.remote.http.W3CHttpResponseCodec.decode(W3CHttpResponseCodec.java:49)\n\tat org.openqa.selenium.remote.HttpCommandExecutor.execute(HttpCommandExecutor.java:158)\n\tat org.openqa.selenium.remote.service.DriverCommandExecutor.execute(DriverCommandExecutor.java:83)\n\tat org.openqa.selenium.remote.RemoteWebDriver.execute(RemoteWebDriver.java:548)\n\tat org.openqa.selenium.remote.RemoteWebDriver.findElement(RemoteWebDriver.java:322)\n\tat org.openqa.selenium.remote.RemoteWebDriver.findElementByXPath(RemoteWebDriver.java:424)\n\tat org.openqa.selenium.By$ByXPath.findElement(By.java:353)\n\tat org.openqa.selenium.remote.RemoteWebDriver.findElement(RemoteWebDriver.java:314)\n\tat jdk.internal.reflect.GeneratedMethodAccessor1.invoke(Unknown Source)\n\tat java.base/jdk.internal.reflect.DelegatingMethodAccessorImpl.invoke(DelegatingMethodAccessorImpl.java:43)\n\tat java.base/java.lang.reflect.Method.invoke(Method.java:566)\n\tat org.openqa.selenium.support.events.EventFiringWebDriver.lambda$new$1(EventFiringWebDriver.java:105)\n\tat com.sun.proxy.$Proxy15.findElement(Unknown Source)\n\tat org.openqa.selenium.support.events.EventFiringWebDriver.findElement(EventFiringWebDriver.java:194)\n\tat org.kissflow.qa.form.KissflowFieldDefn.setLookupSource(KissflowFieldDefn.java:140)\n\tat org.kissflow.qa.form.KissflowFieldDefn.setExtraParam(KissflowFieldDefn.java:85)\n\tat org.kissflow.qa.form.TextFieldDefn.setExtraParam(TextFieldDefn.java:6)\n\tat org.kissflow.qa.form.KissflowFieldDefn.lambda$0(KissflowFieldDefn.java:64)\n\tat java.base/java.util.HashMap$EntrySet.forEach(HashMap.java:1039)\n\tat org.kissflow.qa.form.KissflowFieldDefn.setExtraParams(KissflowFieldDefn.java:62)\n\tat org.kissflow.qa.process.ProcessFormEditor.createField(ProcessFormEditor.java:175)\n\tat test.KFProcessAPISmokeTest.completeProcessTest(KFProcessAPISmokeTest.java:252)\n\tat java.base/jdk.internal.reflect.NativeMethodAccessorImpl.invoke0(Native Method)\n\tat java.base/jdk.internal.reflect.NativeMethodAccessorImpl.invoke(NativeMethodAccessorImpl.java:62)\n\tat java.base/jdk.internal.reflect.DelegatingMethodAccessorImpl.invoke(DelegatingMethodAccessorImpl.java:43)\n\tat java.base/java.lang.reflect.Method.invoke(Method.java:566)\n\tat org.testng.internal.MethodInvocationHelper.invokeMethod(MethodInvocationHelper.java:133)\n\tat org.testng.internal.TestInvoker.invokeMethod(TestInvoker.java:584)\n\tat org.testng.internal.TestInvoker.invokeTestMethod(TestInvoker.java:172)\n\tat org.testng.internal.MethodRunner.runInSequence(MethodRunner.java:46)\n\tat org.testng.internal.TestInvoker$MethodInvocationAgent.invoke(TestInvoker.java:804)\n\tat org.testng.internal.TestInvoker.invokeTestMethods(TestInvoker.java:145)\n\tat org.testng.internal.TestMethodWorker.invokeTestMethods(TestMethodWorker.java:146)\n\tat org.testng.internal.TestMethodWorker.run(TestMethodWorker.java:128)\n\tat java.base/java.util.ArrayList.forEach(ArrayList.java:1540)\n\tat org.testng.TestRunner.privateRun(TestRunner.java:770)\n\tat org.testng.TestRunner.run(TestRunner.java:591)\n\tat org.testng.SuiteRunner.runTest(SuiteRunner.java:402)\n\tat org.testng.SuiteRunner.runSequentially(SuiteRunner.java:396)\n\tat org.testng.SuiteRunner.privateRun(SuiteRunner.java:355)\n\tat org.testng.SuiteRunner.run(SuiteRunner.java:304)\n\tat org.testng.SuiteRunnerWorker.runSuite(SuiteRunnerWorker.java:53)\n\tat org.testng.SuiteRunnerWorker.run(SuiteRunnerWorker.java:96)\n\tat org.testng.TestNG.runSuitesSequentially(TestNG.java:1180)\n\tat org.testng.TestNG.runSuitesLocally(TestNG.java:1102)\n\tat org.testng.TestNG.runSuites(TestNG.java:1032)\n\tat org.testng.TestNG.run(TestNG.java:1000)\n\tat org.testng.remote.AbstractRemoteTestNG.run(AbstractRemoteTestNG.java:115)\n\tat org.testng.remote.RemoteTestNG.initAndRun(RemoteTestNG.java:251)\n\tat org.testng.remote.RemoteTestNG.main(RemoteTestNG.java:77)\n"},"stage":"finished","steps":[],"attachments":[],"parameters":[{"name":"FiledType","value":"Lookup"},{"name":"FieldName","value":"ThisIsLookup"},{"name":"map","value":"{Aadharam=EndtoEnd, Paguthi=Created by}"}],"start":1582263857419,"stop":1582263880242}],"attachments":[{"name":"Screenshot for current step","source":"24c1d12d-4e06-4ce7-aabc-09c091914b58-attachment","type":"image/png"}],"parameters":[],"start":1582263825208,"stop":1582263880260,"uuid":"f2b2475f-4b20-4d7a-a3fb-a81e32e9eb89","historyId":"ac09aadd2ace41f982741b0cb901aa7b","fullName":"test.KFProcessAPISmokeTest.completeProcessTest","labels":[{"name":"package","value":"test.KFProcessAPISmokeTest"},{"name":"testClass","value":"test.KFProcessAPISmokeTest"},{"name":"testMethod","value":"completeProcessTest"},{"name":"parentSuite","value":"Default suite"},{"name":"suite","value":"Default test"},{"name":"subSuite","value":"test.KFProcessAPISmokeTest"},{"name":"host","value":"Admins-MacBook-Air-4.local"},{"name":"thread","value":"26948@Admins-MacBook-Air-4.local.main(1)"},{"name":"framework","value":"testng"},{"name":"language","value":"java"}],"links":[]}