{"name":"completeProcessTest","status":"broken","statusDetails":{"known":false,"muted":false,"flaky":false,"message":"no such element: Unable to locate element: {\"method\":\"xpath\",\"selector\":\"//input[@placeholder='EndtoEnd']\"}\n  (Session info: chrome=80.0.3987.116)\nFor documentation on this error, please visit: http://seleniumhq.org/exceptions/no_such_element.html\nBuild info: version: '3.14.0', revision: 'aacccce0', time: '2018-08-02T20:19:58.91Z'\nSystem info: host: 'Admins-MacBook-Air-4.local', ip: 'fe80:0:0:0:1c33:fc8c:1dc8:374d%en0', os.name: 'Mac OS X', os.arch: 'x86_64', os.version: '10.15.3', java.version: '11.0.5'\nDriver info: org.openqa.selenium.chrome.ChromeDriver\nCapabilities {acceptInsecureCerts: false, browserName: chrome, browserVersion: 80.0.3987.116, chrome: {chromedriverVersion: 79.0.3945.36 (3582db32b3389..., userDataDir: /var/folders/4l/ct0ys2kj2h7...}, goog:chromeOptions: {debuggerAddress: localhost:59922}, javascriptEnabled: true, networkConnectionEnabled: false, pageLoadStrategy: normal, platform: MAC, platformName: MAC, proxy: Proxy(), setWindowRect: true, strictFileInteractability: false, timeouts: {implicit: 0, pageLoad: 300000, script: 30000}, unhandledPromptBehavior: dismiss and notify}\nSession ID: 8c98e482e83cf30051b64278dab197d8\n*** Element info: {Using=xpath, value=//input[@placeholder='EndtoEnd']}","trace":"org.openqa.selenium.NoSuchElementException: no such element: Unable to locate element: {\"method\":\"xpath\",\"selector\":\"//input[@placeholder='EndtoEnd']\"}\n  (Session info: chrome=80.0.3987.116)\nFor documentation on this error, please visit: http://seleniumhq.org/exceptions/no_such_element.html\nBuild info: version: '3.14.0', revision: 'aacccce0', time: '2018-08-02T20:19:58.91Z'\nSystem info: host: 'Admins-MacBook-Air-4.local', ip: 'fe80:0:0:0:1c33:fc8c:1dc8:374d%en0', os.name: 'Mac OS X', os.arch: 'x86_64', os.version: '10.15.3', java.version: '11.0.5'\nDriver info: org.openqa.selenium.chrome.ChromeDriver\nCapabilities {acceptInsecureCerts: false, browserName: chrome, browserVersion: 80.0.3987.116, chrome: {chromedriverVersion: 79.0.3945.36 (3582db32b3389..., userDataDir: /var/folders/4l/ct0ys2kj2h7...}, goog:chromeOptions: {debuggerAddress: localhost:59922}, javascriptEnabled: true, networkConnectionEnabled: false, pageLoadStrategy: normal, platform: MAC, platformName: MAC, proxy: Proxy(), setWindowRect: true, strictFileInteractability: false, timeouts: {implicit: 0, pageLoad: 300000, script: 30000}, unhandledPromptBehavior: dismiss and notify}\nSession ID: 8c98e482e83cf30051b64278dab197d8\n*** Element info: {Using=xpath, value=//input[@placeholder='EndtoEnd']}\n\tat java.base/jdk.internal.reflect.NativeConstructorAccessorImpl.newInstance0(Native Method)\n\tat java.base/jdk.internal.reflect.NativeConstructorAccessorImpl.newInstance(NativeConstructorAccessorImpl.java:62)\n\tat java.base/jdk.internal.reflect.DelegatingConstructorAccessorImpl.newInstance(DelegatingConstructorAccessorImpl.java:45)\n\tat java.base/java.lang.reflect.Constructor.newInstance(Constructor.java:490)\n\tat org.openqa.selenium.remote.http.W3CHttpResponseCodec.createException(W3CHttpResponseCodec.java:187)\n\tat org.openqa.selenium.remote.http.W3CHttpResponseCodec.decode(W3CHttpResponseCodec.java:122)\n\tat org.openqa.selenium.remote.http.W3CHttpResponseCodec.decode(W3CHttpResponseCodec.java:49)\n\tat org.openqa.selenium.remote.HttpCommandExecutor.execute(HttpCommandExecutor.java:158)\n\tat org.openqa.selenium.remote.service.DriverCommandExecutor.execute(DriverCommandExecutor.java:83)\n\tat org.openqa.selenium.remote.RemoteWebDriver.execute(RemoteWebDriver.java:548)\n\tat org.openqa.selenium.remote.RemoteWebDriver.findElement(RemoteWebDriver.java:322)\n\tat org.openqa.selenium.remote.RemoteWebDriver.findElementByXPath(RemoteWebDriver.java:424)\n\tat org.openqa.selenium.By$ByXPath.findElement(By.java:353)\n\tat org.openqa.selenium.remote.RemoteWebDriver.findElement(RemoteWebDriver.java:314)\n\tat jdk.internal.reflect.GeneratedMethodAccessor1.invoke(Unknown Source)\n\tat java.base/jdk.internal.reflect.DelegatingMethodAccessorImpl.invoke(DelegatingMethodAccessorImpl.java:43)\n\tat java.base/java.lang.reflect.Method.invoke(Method.java:566)\n\tat org.openqa.selenium.support.events.EventFiringWebDriver.lambda$new$1(EventFiringWebDriver.java:105)\n\tat com.sun.proxy.$Proxy15.findElement(Unknown Source)\n\tat org.openqa.selenium.support.events.EventFiringWebDriver.findElement(EventFiringWebDriver.java:194)\n\tat org.kissflow.qa.form.KissflowFieldDefn.setLookupSource(KissflowFieldDefn.java:155)\n\tat org.kissflow.qa.form.KissflowFieldDefn.setExtraParam(KissflowFieldDefn.java:86)\n\tat org.kissflow.qa.form.TextFieldDefn.setExtraParam(TextFieldDefn.java:6)\n\tat org.kissflow.qa.form.KissflowFieldDefn.lambda$0(KissflowFieldDefn.java:65)\n\tat java.base/java.util.HashMap$EntrySet.forEach(HashMap.java:1039)\n\tat org.kissflow.qa.form.KissflowFieldDefn.setExtraParams(KissflowFieldDefn.java:63)\n\tat org.kissflow.qa.process.ProcessFormEditor.createField(ProcessFormEditor.java:175)\n\tat test.KFProcessAPISmokeTest.completeProcessTest(KFProcessAPISmokeTest.java:252)\n\tat java.base/jdk.internal.reflect.NativeMethodAccessorImpl.invoke0(Native Method)\n\tat java.base/jdk.internal.reflect.NativeMethodAccessorImpl.invoke(NativeMethodAccessorImpl.java:62)\n\tat java.base/jdk.internal.reflect.DelegatingMethodAccessorImpl.invoke(DelegatingMethodAccessorImpl.java:43)\n\tat java.base/java.lang.reflect.Method.invoke(Method.java:566)\n\tat org.testng.internal.MethodInvocationHelper.invokeMethod(MethodInvocationHelper.java:133)\n\tat org.testng.internal.TestInvoker.invokeMethod(TestInvoker.java:584)\n\tat org.testng.internal.TestInvoker.invokeTestMethod(TestInvoker.java:172)\n\tat org.testng.internal.MethodRunner.runInSequence(MethodRunner.java:46)\n\tat org.testng.internal.TestInvoker$MethodInvocationAgent.invoke(TestInvoker.java:804)\n\tat org.testng.internal.TestInvoker.invokeTestMethods(TestInvoker.java:145)\n\tat org.testng.internal.TestMethodWorker.invokeTestMethods(TestMethodWorker.java:146)\n\tat org.testng.internal.TestMethodWorker.run(TestMethodWorker.java:128)\n\tat java.base/java.util.ArrayList.forEach(ArrayList.java:1540)\n\tat org.testng.TestRunner.privateRun(TestRunner.java:770)\n\tat org.testng.TestRunner.run(TestRunner.java:591)\n\tat org.testng.SuiteRunner.runTest(SuiteRunner.java:402)\n\tat org.testng.SuiteRunner.runSequentially(SuiteRunner.java:396)\n\tat org.testng.SuiteRunner.privateRun(SuiteRunner.java:355)\n\tat org.testng.SuiteRunner.run(SuiteRunner.java:304)\n\tat org.testng.SuiteRunnerWorker.runSuite(SuiteRunnerWorker.java:53)\n\tat org.testng.SuiteRunnerWorker.run(SuiteRunnerWorker.java:96)\n\tat org.testng.TestNG.runSuitesSequentially(TestNG.java:1180)\n\tat org.testng.TestNG.runSuitesLocally(TestNG.java:1102)\n\tat org.testng.TestNG.runSuites(TestNG.java:1032)\n\tat org.testng.TestNG.run(TestNG.java:1000)\n\tat org.testng.remote.AbstractRemoteTestNG.run(AbstractRemoteTestNG.java:115)\n\tat org.testng.remote.RemoteTestNG.initAndRun(RemoteTestNG.java:251)\n\tat org.testng.remote.RemoteTestNG.main(RemoteTestNG.java:77)\n"},"stage":"finished","steps":[{"name":"Login to kissflow","status":"passed","stage":"finished","steps":[],"attachments":[{"name":"Screenshot for current step","source":"2c572c06-71c4-4f7c-8fe2-9d331f2ef34a-attachment","type":"image/png"}],"parameters":[{"name":"Username","value":"QAGmail"}],"start":1582272343242,"stop":1582272344695},{"name":"Changing Time zone","status":"passed","stage":"finished","steps":[],"attachments":[{"name":"Screenshot for current step","source":"44ea7f56-dfe6-448b-8c8b-b9fe7c52babc-attachment","type":"image/png"}],"parameters":[{"name":"TimeZone","value":"(GMT+05:30) India Standard Time"}],"start":1582272346518,"stop":1582272348828},{"name":"Changing Locale","status":"passed","stage":"finished","steps":[],"attachments":[{"name":"Screenshot for current step","source":"b5c2cc08-0bb6-4a68-8088-159c9e5955d8-attachment","type":"image/png"}],"parameters":[{"name":"Locale","value":"English (India)"}],"start":1582272348828,"stop":1582272349510},{"name":"Create new flow","status":"passed","stage":"finished","steps":[],"attachments":[{"name":"Screenshot for current step","source":"04f6b6ec-f7bd-4658-95a8-6a7c40d5bfe2-attachment","type":"image/png"},{"name":"Screenshot for current step","source":"167c6c27-9888-4448-91ac-c726bc67923b-attachment","type":"image/png"}],"parameters":[{"name":"flow_type","value":"Process"},{"name":"flow_name","value":"SmokeProcess"}],"start":1582272350636,"stop":1582272355038},{"name":"Create field","status":"passed","stage":"finished","steps":[],"attachments":[{"name":"Screenshot for current step","source":"4144f440-2034-4fdf-8cc9-25e44f4d3447-attachment","type":"image/png"}],"parameters":[{"name":"FiledType","value":"Text"},{"name":"FieldName","value":"ThisIsText"},{"name":"map","value":"{Required=Yes, Default=This is default content}"}],"start":1582272357885,"stop":1582272361695},{"name":"Create field","status":"passed","stage":"finished","steps":[],"attachments":[{"name":"Screenshot for current step","source":"1eb14e16-5b37-4bad-8d5c-3d0cc92dbc4f-attachment","type":"image/png"}],"parameters":[{"name":"FiledType","value":"Date & Time"},{"name":"FieldName","value":"ThisIsDateAndTime"},{"name":"map","value":"{}"}],"start":1582272362461,"stop":1582272365509},{"name":"Create field","status":"passed","stage":"finished","steps":[],"attachments":[{"name":"Screenshot for current step","source":"e1a2b1e4-1e5a-455d-b776-034b76fbf659-attachment","type":"image/png"}],"parameters":[{"name":"FiledType","value":"Image"},{"name":"FieldName","value":"ThisIsImage"},{"name":"map","value":"{}"}],"start":1582272365510,"stop":1582272368659},{"name":"Create field","status":"passed","stage":"finished","steps":[],"attachments":[{"name":"Screenshot for current step","source":"eda74e31-1470-4f73-aa08-1462d78930e1-attachment","type":"image/png"}],"parameters":[{"name":"FiledType","value":"Attachment"},{"name":"FieldName","value":"ThisIsAttach"},{"name":"map","value":"{}"}],"start":1582272368660,"stop":1582272371764},{"name":"Create field","status":"passed","stage":"finished","steps":[],"attachments":[{"name":"Screenshot for current step","source":"b922e1a3-2703-45d3-8add-80a8a638870d-attachment","type":"image/png"}],"parameters":[{"name":"FiledType","value":"Signature"},{"name":"FieldName","value":"ThisIsSign"},{"name":"map","value":"{}"}],"start":1582272371764,"stop":1582272374945},{"name":"Create field","status":"broken","statusDetails":{"known":false,"muted":false,"flaky":false,"message":"no such element: Unable to locate element: {\"method\":\"xpath\",\"selector\":\"//input[@placeholder='EndtoEnd']\"}\n  (Session info: chrome=80.0.3987.116)\nFor documentation on this error, please visit: http://seleniumhq.org/exceptions/no_such_element.html\nBuild info: version: '3.14.0', revision: 'aacccce0', time: '2018-08-02T20:19:58.91Z'\nSystem info: host: 'Admins-MacBook-Air-4.local', ip: 'fe80:0:0:0:1c33:fc8c:1dc8:374d%en0', os.name: 'Mac OS X', os.arch: 'x86_64', os.version: '10.15.3', java.version: '11.0.5'\nDriver info: org.openqa.selenium.chrome.ChromeDriver\nCapabilities {acceptInsecureCerts: false, browserName: chrome, browserVersion: 80.0.3987.116, chrome: {chromedriverVersion: 79.0.3945.36 (3582db32b3389..., userDataDir: /var/folders/4l/ct0ys2kj2h7...}, goog:chromeOptions: {debuggerAddress: localhost:59922}, javascriptEnabled: true, networkConnectionEnabled: false, pageLoadStrategy: normal, platform: MAC, platformName: MAC, proxy: Proxy(), setWindowRect: true, strictFileInteractability: false, timeouts: {implicit: 0, pageLoad: 300000, script: 30000}, unhandledPromptBehavior: dismiss and notify}\nSession ID: 8c98e482e83cf30051b64278dab197d8\n*** Element info: {Using=xpath, value=//input[@placeholder='EndtoEnd']}","trace":"org.openqa.selenium.NoSuchElementException: no such element: Unable to locate element: {\"method\":\"xpath\",\"selector\":\"//input[@placeholder='EndtoEnd']\"}\n  (Session info: chrome=80.0.3987.116)\nFor documentation on this error, please visit: http://seleniumhq.org/exceptions/no_such_element.html\nBuild info: version: '3.14.0', revision: 'aacccce0', time: '2018-08-02T20:19:58.91Z'\nSystem info: host: 'Admins-MacBook-Air-4.local', ip: 'fe80:0:0:0:1c33:fc8c:1dc8:374d%en0', os.name: 'Mac OS X', os.arch: 'x86_64', os.version: '10.15.3', java.version: '11.0.5'\nDriver info: org.openqa.selenium.chrome.ChromeDriver\nCapabilities {acceptInsecureCerts: false, browserName: chrome, browserVersion: 80.0.3987.116, chrome: {chromedriverVersion: 79.0.3945.36 (3582db32b3389..., userDataDir: /var/folders/4l/ct0ys2kj2h7...}, goog:chromeOptions: {debuggerAddress: localhost:59922}, javascriptEnabled: true, networkConnectionEnabled: false, pageLoadStrategy: normal, platform: MAC, platformName: MAC, proxy: Proxy(), setWindowRect: true, strictFileInteractability: false, timeouts: {implicit: 0, pageLoad: 300000, script: 30000}, unhandledPromptBehavior: dismiss and notify}\nSession ID: 8c98e482e83cf30051b64278dab197d8\n*** Element info: {Using=xpath, value=//input[@placeholder='EndtoEnd']}\n\tat java.base/jdk.internal.reflect.NativeConstructorAccessorImpl.newInstance0(Native Method)\n\tat java.base/jdk.internal.reflect.NativeConstructorAccessorImpl.newInstance(NativeConstructorAccessorImpl.java:62)\n\tat java.base/jdk.internal.reflect.DelegatingConstructorAccessorImpl.newInstance(DelegatingConstructorAccessorImpl.java:45)\n\tat java.base/java.lang.reflect.Constructor.newInstance(Constructor.java:490)\n\tat org.openqa.selenium.remote.http.W3CHttpResponseCodec.createException(W3CHttpResponseCodec.java:187)\n\tat org.openqa.selenium.remote.http.W3CHttpResponseCodec.decode(W3CHttpResponseCodec.java:122)\n\tat org.openqa.selenium.remote.http.W3CHttpResponseCodec.decode(W3CHttpResponseCodec.java:49)\n\tat org.openqa.selenium.remote.HttpCommandExecutor.execute(HttpCommandExecutor.java:158)\n\tat org.openqa.selenium.remote.service.DriverCommandExecutor.execute(DriverCommandExecutor.java:83)\n\tat org.openqa.selenium.remote.RemoteWebDriver.execute(RemoteWebDriver.java:548)\n\tat org.openqa.selenium.remote.RemoteWebDriver.findElement(RemoteWebDriver.java:322)\n\tat org.openqa.selenium.remote.RemoteWebDriver.findElementByXPath(RemoteWebDriver.java:424)\n\tat org.openqa.selenium.By$ByXPath.findElement(By.java:353)\n\tat org.openqa.selenium.remote.RemoteWebDriver.findElement(RemoteWebDriver.java:314)\n\tat jdk.internal.reflect.GeneratedMethodAccessor1.invoke(Unknown Source)\n\tat java.base/jdk.internal.reflect.DelegatingMethodAccessorImpl.invoke(DelegatingMethodAccessorImpl.java:43)\n\tat java.base/java.lang.reflect.Method.invoke(Method.java:566)\n\tat org.openqa.selenium.support.events.EventFiringWebDriver.lambda$new$1(EventFiringWebDriver.java:105)\n\tat com.sun.proxy.$Proxy15.findElement(Unknown Source)\n\tat org.openqa.selenium.support.events.EventFiringWebDriver.findElement(EventFiringWebDriver.java:194)\n\tat org.kissflow.qa.form.KissflowFieldDefn.setLookupSource(KissflowFieldDefn.java:155)\n\tat org.kissflow.qa.form.KissflowFieldDefn.setExtraParam(KissflowFieldDefn.java:86)\n\tat org.kissflow.qa.form.TextFieldDefn.setExtraParam(TextFieldDefn.java:6)\n\tat org.kissflow.qa.form.KissflowFieldDefn.lambda$0(KissflowFieldDefn.java:65)\n\tat java.base/java.util.HashMap$EntrySet.forEach(HashMap.java:1039)\n\tat org.kissflow.qa.form.KissflowFieldDefn.setExtraParams(KissflowFieldDefn.java:63)\n\tat org.kissflow.qa.process.ProcessFormEditor.createField(ProcessFormEditor.java:175)\n\tat test.KFProcessAPISmokeTest.completeProcessTest(KFProcessAPISmokeTest.java:252)\n\tat java.base/jdk.internal.reflect.NativeMethodAccessorImpl.invoke0(Native Method)\n\tat java.base/jdk.internal.reflect.NativeMethodAccessorImpl.invoke(NativeMethodAccessorImpl.java:62)\n\tat java.base/jdk.internal.reflect.DelegatingMethodAccessorImpl.invoke(DelegatingMethodAccessorImpl.java:43)\n\tat java.base/java.lang.reflect.Method.invoke(Method.java:566)\n\tat org.testng.internal.MethodInvocationHelper.invokeMethod(MethodInvocationHelper.java:133)\n\tat org.testng.internal.TestInvoker.invokeMethod(TestInvoker.java:584)\n\tat org.testng.internal.TestInvoker.invokeTestMethod(TestInvoker.java:172)\n\tat org.testng.internal.MethodRunner.runInSequence(MethodRunner.java:46)\n\tat org.testng.internal.TestInvoker$MethodInvocationAgent.invoke(TestInvoker.java:804)\n\tat org.testng.internal.TestInvoker.invokeTestMethods(TestInvoker.java:145)\n\tat org.testng.internal.TestMethodWorker.invokeTestMethods(TestMethodWorker.java:146)\n\tat org.testng.internal.TestMethodWorker.run(TestMethodWorker.java:128)\n\tat java.base/java.util.ArrayList.forEach(ArrayList.java:1540)\n\tat org.testng.TestRunner.privateRun(TestRunner.java:770)\n\tat org.testng.TestRunner.run(TestRunner.java:591)\n\tat org.testng.SuiteRunner.runTest(SuiteRunner.java:402)\n\tat org.testng.SuiteRunner.runSequentially(SuiteRunner.java:396)\n\tat org.testng.SuiteRunner.privateRun(SuiteRunner.java:355)\n\tat org.testng.SuiteRunner.run(SuiteRunner.java:304)\n\tat org.testng.SuiteRunnerWorker.runSuite(SuiteRunnerWorker.java:53)\n\tat org.testng.SuiteRunnerWorker.run(SuiteRunnerWorker.java:96)\n\tat org.testng.TestNG.runSuitesSequentially(TestNG.java:1180)\n\tat org.testng.TestNG.runSuitesLocally(TestNG.java:1102)\n\tat org.testng.TestNG.runSuites(TestNG.java:1032)\n\tat org.testng.TestNG.run(TestNG.java:1000)\n\tat org.testng.remote.AbstractRemoteTestNG.run(AbstractRemoteTestNG.java:115)\n\tat org.testng.remote.RemoteTestNG.initAndRun(RemoteTestNG.java:251)\n\tat org.testng.remote.RemoteTestNG.main(RemoteTestNG.java:77)\n"},"stage":"finished","steps":[],"attachments":[],"parameters":[{"name":"FiledType","value":"Lookup"},{"name":"FieldName","value":"ThisIsLookup"},{"name":"map","value":"{Aadharam=EndtoEnd, Paguthi=Created by}"}],"start":1582272374945,"stop":1582272398207}],"attachments":[{"name":"Screenshot for current step","source":"9def16cf-ebd1-4aeb-959b-3904cb1cfc82-attachment","type":"image/png"}],"parameters":[],"start":1582272342736,"stop":1582272398222,"uuid":"f3793c63-c129-48f5-8f8e-8470d47057a3","historyId":"ac09aadd2ace41f982741b0cb901aa7b","fullName":"test.KFProcessAPISmokeTest.completeProcessTest","labels":[{"name":"package","value":"test.KFProcessAPISmokeTest"},{"name":"testClass","value":"test.KFProcessAPISmokeTest"},{"name":"testMethod","value":"completeProcessTest"},{"name":"parentSuite","value":"Default suite"},{"name":"suite","value":"Default test"},{"name":"subSuite","value":"test.KFProcessAPISmokeTest"},{"name":"host","value":"Admins-MacBook-Air-4.local"},{"name":"thread","value":"27699@Admins-MacBook-Air-4.local.main(1)"},{"name":"framework","value":"testng"},{"name":"language","value":"java"}],"links":[]}